d:\game project\rush\rush\x64\debug\vc142.pdb
d:\game project\rush\rush\x64\debug\vc142.idb
d:\game project\rush\rush\x64\debug\player.obj
d:\game project\rush\rush\x64\debug\main.obj
d:\game project\rush\rush\x64\debug\animation.obj
d:\game project\rush\rush\x64\debug\platform.obj
d:\game project\rush\rush\x64\debug\collider.obj
d:\game project\rush\rush\x64\debug\trigger.obj
d:\game project\rush\rush\x64\debug\soundmanager.obj
d:\game project\rush\rush\x64\debug\chairmanage.obj
d:\game project\rush\rush\x64\debug\scenestate01.obj
d:\game project\rush\rush\x64\debug\chair.obj
d:\game project\rush\rush\x64\debug\debouce.obj
d:\game project\rush\rush\x64\debug\itemdrop.obj
d:\game project\rush\rush\x64\debug\teacher.obj
d:\game project\rush\x64\debug\rush.ilk
d:\game project\rush\x64\debug\rush.exe
d:\game project\rush\x64\debug\rush.pdb
d:\game project\rush\rush\x64\debug\collision.obj
d:\game project\rush\rush\x64\debug\rush.tlog\cl.command.1.tlog
d:\game project\rush\rush\x64\debug\rush.tlog\cl.read.1.tlog
d:\game project\rush\rush\x64\debug\rush.tlog\cl.write.1.tlog
d:\game project\rush\rush\x64\debug\rush.tlog\link.command.1.tlog
d:\game project\rush\rush\x64\debug\rush.tlog\link.read.1.tlog
d:\game project\rush\rush\x64\debug\rush.tlog\link.write.1.tlog
